  Cars.cpp
Cars.cpp(118): warning C4101: 'e': unreferenced local variable
Cars.cpp(136): warning C4101: 'e': unreferenced local variable
Cars.cpp(151): warning C4101: 'e': unreferenced local variable
Cars.cpp(164): warning C4101: 'e': unreferenced local variable
Cars.cpp(177): warning C4101: 'e': unreferenced local variable
Cars.cpp(190): warning C4101: 'e': unreferenced local variable
  Chevy.cpp
  Nissan.cpp
  Subaru.cpp
  Test.cpp
Test.cpp(25): warning C4101: 'userHp': unreferenced local variable
Test.cpp(25): warning C4101: 'userWeight': unreferenced local variable
Test.cpp(25): warning C4101: 'userCylinders': unreferenced local variable
  UsersCar.cpp
  Generating code
  2 of 154 functions ( 1.3%) were compiled, the rest were copied from previous compilation.
    1 functions were new in current compilation
    0 functions had inline decision re-evaluated but remain unchanged
  Finished generating code
  FinslProject.vcxproj -> C:\Users\miniw\Desktop\FinalProject\x64\Release\FinslProject.exe
